# JRE version: Java(TM) SE Runtime Environment (17.0.10+11) (build 17.0.10+11-LTS-240)
# Java VM: Java HotSpot(TM) 64-Bit Server VM (17.0.10+11-LTS-240, mixed mode, sharing, tiered, compressed oops, compressed class ptrs, g1 gc, linux-amd64)
GC Precious Log:
 CPUs: 4 total, 4 available
 Memory: 7816M
 Large Page Support: Disabled
 NUMA Support: Disabled
 Compressed Oops: Enabled (32-bit)
 Heap Region Size: 1M
 Heap Min Capacity: 8M
 Heap Initial Capacity: 124M
 Heap Max Capacity: 1956M
 Pre-touch: Disabled
 Parallel Workers: 4
 Concurrent Workers: 1
 Concurrent Refinement Workers: 4
 Periodic GC: Disabled
Heap:
 garbage-first heap   total 99328K, used 79839K [0x0000000085c00000, 0x0000000100000000)
  region size 1024K, 34 young (34816K), 4 survivors (4096K)
 Metaspace       used 26678K, committed 26944K, reserved 1114112K
  class space    used 3581K, committed 3712K, reserved 1048576K
GC Heap History (7 events):
Event: 0.968 GC heap before
{Heap before GC invocations=0 (full 0):
 garbage-first heap   total 129024K, used 13292K [0x0000000085c00000, 0x0000000100000000)
  region size 1024K, 13 young (13312K), 0 survivors (0K)
 Metaspace       used 4716K, committed 4992K, reserved 1114112K
  class space    used 514K, committed 640K, reserved 1048576K
}
Event: 0.978 GC heap after
{Heap after GC invocations=1 (full 0):
 garbage-first heap   total 129024K, used 5364K [0x0000000085c00000, 0x0000000100000000)
  region size 1024K, 2 young (2048K), 2 survivors (2048K)
 Metaspace       used 4716K, committed 4992K, reserved 1114112K
  class space    used 514K, committed 640K, reserved 1048576K
}
Event: 1.551 GC heap before
{Heap before GC invocations=1 (full 0):
 garbage-first heap   total 129024K, used 19700K [0x0000000085c00000, 0x0000000100000000)
  region size 1024K, 16 young (16384K), 2 survivors (2048K)
 Metaspace       used 9531K, committed 9728K, reserved 1114112K
  class space    used 1282K, committed 1408K, reserved 1048576K
}
Event: 1.561 GC heap after
{Heap after GC invocations=2 (full 0):
 garbage-first heap   total 129024K, used 8795K [0x0000000085c00000, 0x0000000100000000)
  region size 1024K, 2 young (2048K), 2 survivors (2048K)
 Metaspace       used 9531K, committed 9728K, reserved 1114112K
  class space    used 1282K, committed 1408K, reserved 1048576K
}
Event: 14.536 GC heap before
{Heap before GC invocations=2 (full 0):
 garbage-first heap   total 129024K, used 56923K [0x0000000085c00000, 0x0000000100000000)
  region size 1024K, 36 young (36864K), 2 survivors (2048K)
 Metaspace       used 21378K, committed 21504K, reserved 1114112K
  class space    used 3008K, committed 3072K, reserved 1048576K
}
Event: 14.545 GC heap after
{Heap after GC invocations=3 (full 0):
 garbage-first heap   total 129024K, used 27101K [0x0000000085c00000, 0x0000000100000000)
  region size 1024K, 7 young (7168K), 7 survivors (7168K)
 Metaspace       used 21378K, committed 21504K, reserved 1114112K
  class space    used 3008K, committed 3072K, reserved 1048576K
}
Event: 138.755 GC heap before
{Heap before GC invocations=4 (full 0):
 garbage-first heap   total 99328K, used 79325K [0x0000000085c00000, 0x0000000100000000)
  region size 1024K, 37 young (37888K), 7 survivors (7168K)
 Metaspace       used 26678K, committed 26944K, reserved 1114112K
  class space    used 3581K, committed 3712K, reserved 1048576K
}

